This is pdfTeX, Version 3.141592653-2.6-1.40.25 (MiKTeX 23.10) (preloaded format=pdflatex 2023.10.30)  30 NOV 2023 10:28
entering extended mode
 restricted \write18 enabled.
 %&-line parsing enabled.
**./3.tex
(3.tex
LaTeX2e <2023-06-01> patch level 1
L3 programming layer <2023-08-29>
(C:\Users\Ákos\AppData\Local\Programs\MiKTeX\tex/latex/base\article.cls
Document Class: article 2023/05/17 v1.4n Standard LaTeX document class
(C:\Users\Ákos\AppData\Local\Programs\MiKTeX\tex/latex/base\size10.clo
File: size10.clo 2023/05/17 v1.4n Standard LaTeX file (size option)
)
\c@part=\count185
\c@section=\count186
\c@subsection=\count187
\c@subsubsection=\count188
\c@paragraph=\count189
\c@subparagraph=\count190
\c@figure=\count191
\c@table=\count192
\abovecaptionskip=\skip48
\belowcaptionskip=\skip49
\bibindent=\dimen140
)
(C:\Users\Ákos\AppData\Local\Programs\MiKTeX\tex/latex/enumitem\enumitem.sty
Package: enumitem 2019/06/20 v3.9 Customized lists
\enitkv@toks@=\toks17
\labelindent=\skip50
\enit@outerparindent=\dimen141
\enit@toks=\toks18
\enit@inbox=\box51
\enit@count@id=\count193
\enitdp@description=\count194
)
(C:\Users\Ákos\AppData\Local\Programs\MiKTeX\tex/latex/hulipsum\hulipsum.sty
Package: hulipsum 2020/11/03 v1.1 Hungarian dummy text (Lorum ipse)
\c@hulipsum@count=\count195
)
(C:\Users\Ákos\AppData\Local\Programs\MiKTeX\tex/latex/graphics\graphicx.sty
Package: graphicx 2021/09/16 v1.2d Enhanced LaTeX Graphics (DPC,SPQR)

(C:\Users\Ákos\AppData\Local\Programs\MiKTeX\tex/latex/graphics\keyval.sty
Package: keyval 2022/05/29 v1.15 key=value parser (DPC)
\KV@toks@=\toks19
)
(C:\Users\Ákos\AppData\Local\Programs\MiKTeX\tex/latex/graphics\graphics.sty
Package: graphics 2022/03/10 v1.4e Standard LaTeX Graphics (DPC,SPQR)

(C:\Users\Ákos\AppData\Local\Programs\MiKTeX\tex/latex/graphics\trig.sty
Package: trig 2021/08/11 v1.11 sin cos tan (DPC)
)
(C:\Users\Ákos\AppData\Local\Programs\MiKTeX\tex/latex/graphics-cfg\graphics.c
fg
File: graphics.cfg 2016/06/04 v1.11 sample graphics configuration
)
Package graphics Info: Driver file: pdftex.def on input line 107.

(C:\Users\Ákos\AppData\Local\Programs\MiKTeX\tex/latex/graphics-def\pdftex.def
File: pdftex.def 2022/09/22 v1.2b Graphics/color driver for pdftex
))
\Gin@req@height=\dimen142
\Gin@req@width=\dimen143
)
(C:\Users\Ákos\AppData\Local\Programs\MiKTeX\tex/latex/caption\subcaption.sty
Package: subcaption 2023/07/28 v1.6b Sub-captions (AR)

(C:\Users\Ákos\AppData\Local\Programs\MiKTeX\tex/latex/caption\caption.sty
Package: caption 2023/08/05 v3.6o Customizing captions (AR)

(C:\Users\Ákos\AppData\Local\Programs\MiKTeX\tex/latex/caption\caption3.sty
Package: caption3 2023/07/31 v2.4d caption3 kernel (AR)
\caption@tempdima=\dimen144
\captionmargin=\dimen145
\caption@leftmargin=\dimen146
\caption@rightmargin=\dimen147
\caption@width=\dimen148
\caption@indent=\dimen149
\caption@parindent=\dimen150
\caption@hangindent=\dimen151
Package caption Info: Standard document class detected.
)
\c@caption@flags=\count196
\c@continuedfloat=\count197
)
Package caption Info: New subtype `subfigure' on input line 238.
\c@subfigure=\count198
Package caption Info: New subtype `subtable' on input line 238.
\c@subtable=\count199
) (C:\Users\Ákos\AppData\Local\Programs\MiKTeX\tex/latex/tools\array.sty
Package: array 2022/09/04 v2.5g Tabular extension package (FMi)
\col@sep=\dimen152
\ar@mcellbox=\box52
\extrarowheight=\dimen153
\NC@list=\toks20
\extratabsurround=\skip51
\backup@length=\skip52
\ar@cellbox=\box53
)
(C:\Users\Ákos\AppData\Local\Programs\MiKTeX\tex/latex/tools\tabularx.sty
Package: tabularx 2020/01/15 v2.11c `tabularx' package (DPC)
\TX@col@width=\dimen154
\TX@old@table=\dimen155
\TX@old@col=\dimen156
\TX@target=\dimen157
\TX@delta=\dimen158
\TX@cols=\count266
\TX@ftn=\toks21
)
(C:\Users\Ákos\AppData\Local\Programs\MiKTeX\tex/latex/colortbl\colortbl.sty
Package: colortbl 2022/06/20 v1.0f Color table columns (DPC)

(C:\Users\Ákos\AppData\Local\Programs\MiKTeX\tex/latex/graphics\color.sty
Package: color 2022/01/06 v1.3d Standard LaTeX Color (DPC)

(C:\Users\Ákos\AppData\Local\Programs\MiKTeX\tex/latex/graphics-cfg\color.cfg
File: color.cfg 2016/01/02 v1.6 sample color configuration
)
Package color Info: Driver file: pdftex.def on input line 149.
(C:\Users\Ákos\AppData\Local\Programs\MiKTeX\tex/latex/graphics\mathcolor.ltx)
)
\everycr=\toks22
\minrowclearance=\skip53
\rownum=\count267
) (C:\Users\Ákos\AppData\Local\Programs\MiKTeX\tex/latex/xcolor\xcolor.sty
Package: xcolor 2022/06/12 v2.14 LaTeX color extensions (UK)

(C:\Users\Ákos\AppData\Local\Programs\MiKTeX\tex/latex/graphics-cfg\color.cfg
File: color.cfg 2016/01/02 v1.6 sample color configuration
)
Package xcolor Info: Driver file: pdftex.def on input line 227.
LaTeX Info: Redefining \color on input line 711.
(C:\Users\Ákos\AppData\Local\Programs\MiKTeX\tex/latex/graphics\mathcolor.ltx)
Package xcolor Info: Model `cmy' substituted by `cmy0' on input line 1353.
Package xcolor Info: Model `hsb' substituted by `rgb' on input line 1357.
Package xcolor Info: Model `RGB' extended on input line 1369.
Package xcolor Info: Model `HTML' substituted by `rgb' on input line 1371.
Package xcolor Info: Model `Hsb' substituted by `hsb' on input line 1372.
Package xcolor Info: Model `tHsb' substituted by `hsb' on input line 1373.
Package xcolor Info: Model `HSB' substituted by `hsb' on input line 1374.
Package xcolor Info: Model `Gray' substituted by `gray' on input line 1375.
Package xcolor Info: Model `wave' substituted by `hsb' on input line 1376.
)
(C:\Users\Ákos\AppData\Local\Programs\MiKTeX\tex/latex/l3backend\l3backend-pdf
tex.def
File: l3backend-pdftex.def 2023-04-19 L3 backend support: PDF output (pdfTeX)
\l__color_backend_stack_int=\count268
\l__pdf_internal_box=\box54
) (3.aux)
\openout1 = `3.aux'.

LaTeX Font Info:    Checking defaults for OML/cmm/m/it on input line 10.
LaTeX Font Info:    ... okay on input line 10.
LaTeX Font Info:    Checking defaults for OMS/cmsy/m/n on input line 10.
LaTeX Font Info:    ... okay on input line 10.
LaTeX Font Info:    Checking defaults for OT1/cmr/m/n on input line 10.
LaTeX Font Info:    ... okay on input line 10.
LaTeX Font Info:    Checking defaults for T1/cmr/m/n on input line 10.
LaTeX Font Info:    ... okay on input line 10.
LaTeX Font Info:    Checking defaults for TS1/cmr/m/n on input line 10.
LaTeX Font Info:    ... okay on input line 10.
LaTeX Font Info:    Checking defaults for OMX/cmex/m/n on input line 10.
LaTeX Font Info:    ... okay on input line 10.
LaTeX Font Info:    Checking defaults for U/cmr/m/n on input line 10.
LaTeX Font Info:    ... okay on input line 10.

(C:\Users\Ákos\AppData\Local\Programs\MiKTeX\tex/context/base/mkii\supp-pdf.mk
ii
[Loading MPS to PDF converter (version 2006.09.02).]
\scratchcounter=\count269
\scratchdimen=\dimen159
\scratchbox=\box55
\nofMPsegments=\count270
\nofMParguments=\count271
\everyMPshowfont=\toks23
\MPscratchCnt=\count272
\MPscratchDim=\dimen160
\MPnumerator=\count273
\makeMPintoPDFobject=\count274
\everyMPtoPDFconversion=\toks24
)
(C:\Users\Ákos\AppData\Local\Programs\MiKTeX\tex/latex/epstopdf-pkg\epstopdf-b
ase.sty
Package: epstopdf-base 2020-01-24 v2.11 Base part for package epstopdf
Package epstopdf-base Info: Redefining graphics rule for `.eps' on input line 4
85.

(C:\Users\Ákos\AppData\Local\Programs\MiKTeX\tex/latex/00miktex\epstopdf-sys.c
fg
File: epstopdf-sys.cfg 2021/03/18 v2.0 Configuration of epstopdf for MiKTeX
))
Package caption Info: Begin \AtBeginDocument code.
Package caption Info: End \AtBeginDocument code.
 (3.lof
LaTeX Font Info:    External font `cmex10' loaded for size
(Font)              <7> on input line 1.
LaTeX Font Info:    External font `cmex10' loaded for size
(Font)              <5> on input line 1.
)
\tf@lof=\write3
\openout3 = `3.lof'.

 (3.lot)
\tf@lot=\write4
\openout4 = `3.lot'.

\c@mynestedi=\count275
\c@mynestedii=\count276
\c@mynestediii=\count277
\c@mynestediv=\count278
\c@mynestedv=\count279
\enitdp@mynested=\count280

Overfull \hbox (18.50075pt too wide) in paragraph at lines 42--43
\OT1/cmr/m/n/10 L^^Sorum ipse olyan borza-szt^^Soan cog^^Salis pat^^Sas, ami fo
g^^Sas n^^Selk^^?ul nem vark^^Sal megfelel}oen.
 []


Overfull \hbox (1.96355pt too wide) in paragraph at lines 42--43
\OT1/cmr/m/n/10 szam-lan radal-makan ^^Serv^^Sest. Az ement az izma bamz^^Sasba
n, a has^^Sas szegeszk^^Sej^^Sevel
 []

[1

{C:/Users/Ákos/AppData/Local/MiKTeX/fonts/map/pdftex/pdftex.map}]
<kep.jpg, id=9, 770.88pt x 481.8pt>
File: kep.jpg Graphic file (type jpg)
<use kep.jpg>
Package pdftex.def Info: kep.jpg  used on input line 57.
(pdftex.def)             Requested size: 142.26378pt x 88.91104pt.
<kep2.jpg, id=10, 770.88pt x 481.8pt>
File: kep2.jpg Graphic file (type jpg)
<use kep2.jpg>
Package pdftex.def Info: kep2.jpg  used on input line 62.
(pdftex.def)             Requested size: 770.87813pt x 481.79881pt.

Underfull \hbox (badness 10000) in paragraph at lines 69--106

 []


Underfull \hbox (badness 10000) in paragraph at lines 69--106

 []


Underfull \hbox (badness 10000) in paragraph at lines 69--106

 []


Underfull \hbox (badness 10000) in paragraph at lines 69--106

 []

[2 <./kep.jpg> <./kep2.jpg>] (3.aux)
 ***********
LaTeX2e <2023-06-01> patch level 1
L3 programming layer <2023-08-29>
 ***********
 ) 
Here is how much of TeX's memory you used:
 4110 strings out of 475247
 70478 string characters out of 5757791
 1931785 words of memory out of 5000000
 25630 multiletter control sequences out of 15000+600000
 559616 words of font info for 41 fonts, out of 8000000 for 9000
 1141 hyphenation exceptions out of 8191
 67i,10n,77p,1866b,571s stack positions out of 10000i,1000n,20000p,200000b,200000s
 <C:\Users\Ákos\AppData\Local\MiKTeX\fonts/pk/ljfour/jknappen/ec/dpi600\tcrm
1000.pk><C:/Users/Ákos/AppData/Local/Programs/MiKTeX/fonts/type1/public/amsfon
ts/cm/cmbx10.pfb><C:/Users/Ákos/AppData/Local/Programs/MiKTeX/fonts/type1/publ
ic/amsfonts/cm/cmbx12.pfb><C:/Users/Ákos/AppData/Local/Programs/MiKTeX/fonts/t
ype1/public/amsfonts/cm/cmr10.pfb><C:/Users/Ákos/AppData/Local/Programs/MiKTeX
/fonts/type1/public/amsfonts/cm/cmr9.pfb>
Output written on 3.pdf (2 pages, 252211 bytes).
PDF statistics:
 36 PDF objects out of 1000 (max. 8388607)
 0 named destinations out of 1000 (max. 500000)
 11 words of extra memory for PDF output out of 10000 (max. 10000000)

